2024-07-25 12:01:27 Успешное подключение к БД
2024-07-25 12:01:38 Пользователь admin успешно авторизовался
2024-07-25 12:03:04 Пользователь admin деавторизовался
2024-07-25 12:04:24 Ошибка соединения приложения с БД. Подробное описание ошибки: SQLSTATE[HY000] [1045] Access denied for user 'root'@'localhost' (using password: YES)
2024-07-25 12:04:24 Ошибка подключения к БД. Подробное описание ошибки: SQLSTATE[HY000] [1045] Access denied for user 'root'@'localhost' (using password: YES)
2024-07-25 12:04:53 Ошибка подключения к БД. Подробное описание ошибки: SQLSTATE[HY000] [1045] Access denied for user 'root'@'localhost' (using password: YES)
2024-07-25 12:06:06 Успешное подключение к БД
2024-07-25 12:06:21 Пользователь admin успешно авторизовался
2024-07-25 12:10:53 Пользователь admin деавторизовался
2024-07-25 12:11:21 Пользователь admin успешно авторизовался
2024-07-28 12:07:17 Успешное подключение к БД
2024-07-28 12:07:37 Пользователь admin успешно авторизовался
2024-07-28 12:08:18 Пользователь admin деавторизовался
2024-07-30 08:33:59 Успешное подключение к БД
2024-07-30 08:34:43 Пользователь admin успешно авторизовался
2024-07-30 10:59:11 Ошибка соединения приложения с БД. Подробное описание ошибки: SQLSTATE[HY093]: Invalid parameter number: parameter was not defined
2024-07-30 11:00:21 Ошибка соединения приложения с БД. Подробное описание ошибки: SQLSTATE[HY093]: Invalid parameter number: parameter was not defined
2024-07-30 11:01:37 Ошибка соединения приложения с БД. Подробное описание ошибки: SQLSTATE[HY093]: Invalid parameter number: parameter was not defined
2024-07-30 11:03:58 Ошибка соединения приложения с БД. Подробное описание ошибки: SQLSTATE[HY093]: Invalid parameter number: parameter was not defined
2024-07-30 11:05:54 Ошибка соединения приложения с БД. Подробное описание ошибки: SQLSTATE[HY093]: Invalid parameter number: parameter was not defined
2024-07-30 11:07:02 Ошибка соединения приложения с БД. Подробное описание ошибки: SQLSTATE[HY093]: Invalid parameter number: parameter was not defined
2024-07-30 11:08:55 Ошибка соединения приложения с БД. Подробное описание ошибки: SQLSTATE[HY093]: Invalid parameter number: parameter was not defined
2024-07-30 11:09:36 Ошибка соединения приложения с БД. Подробное описание ошибки: SQLSTATE[HY093]: Invalid parameter number: parameter was not defined
2024-07-30 11:10:11 Ошибка соединения приложения с БД. Подробное описание ошибки: SQLSTATE[HY093]: Invalid parameter number: parameter was not defined
2024-07-30 11:11:02 Ошибка соединения приложения с БД. Подробное описание ошибки: SQLSTATE[HY093]: Invalid parameter number: number of bound variables does not match number of tokens
2024-07-30 11:11:25 Ошибка соединения приложения с БД. Подробное описание ошибки: SQLSTATE[HY093]: Invalid parameter number: number of bound variables does not match number of tokens
2024-07-30 11:11:43 Ошибка соединения приложения с БД. Подробное описание ошибки: SQLSTATE[HY093]: Invalid parameter number: parameter was not defined
2024-07-30 11:13:01 Ошибка соединения приложения с БД. Подробное описание ошибки: SQLSTATE[HY093]: Invalid parameter number: parameter was not defined
2024-07-30 11:13:18 Пользователь admin добавил ОУ с названием "УрФУ"
2024-07-30 11:14:17 Пользователь admin добавил ОУ с названием "СПбГУПТД"
2024-07-30 11:17:53 Пользователь admin добавил город "Москва"
2024-08-04 10:06:04 Успешное подключение к БД
2024-08-04 10:06:07 Пользователь admin успешно авторизовался
2024-08-04 10:56:45 Ошибка соединения приложения с БД. Подробное описание ошибки: SQLSTATE[42S22]: Column not found: 1054 Unknown column 'education_organization_name' in 'field list'
2024-08-04 10:57:14 Пользователь admin добавил ОУ с названием "ГАПОУ СО "УГК им. И.И. Ползунова""
2024-08-04 11:13:02 Пользователь admin удалил ОУ с названием "6"
2024-08-04 11:13:38 Пользователь admin удалил ОУ с названием "5"
2024-08-04 11:21:35 Пользователь admin добавил город "Тюмень"
2024-08-04 11:24:49 Пользователь admin удалил ОУ с ИД "5"
2024-08-04 11:24:59 Пользователь admin добавил город "Тюмень"
2024-08-04 11:25:05 Пользователь admin удалил ОУ с ИД "6"
2024-08-04 18:35:19 Пользователь admin успешно авторизовался
2024-08-04 18:49:54 Пользователь admin удалил статус с ИД "8"
2024-08-04 19:00:56 Пользователь admin добавил город "тест"
2024-08-04 19:01:31 Пользователь admin удалил ОУ с ИД ""
2024-08-04 19:02:00 Пользователь admin добавил город "А"
2024-08-04 19:02:04 Пользователь admin удалил статус с ИД "9"
2024-08-08 13:24:22 Успешное подключение к БД
2024-08-08 15:35:19 Успешное подключение к БД
2024-08-08 15:35:31 Ошибка соединения приложения с БД. Подробное описание ошибки: SQLSTATE[HY000] [1045] Access denied for user 'rootd'@'localhost' (using password: NO)
2024-08-08 15:35:31 Ошибка подключения к БД. Подробное описание ошибки: SQLSTATE[HY000] [1045] Access denied for user 'rootd'@'localhost' (using password: NO)
2024-08-08 15:35:42 Успешное подключение к БД
2024-08-08 15:35:47 Пользователь admin успешно авторизовался
2024-08-10 09:18:15 Пользователь admin успешно авторизовался
2024-08-11 12:07:06 Пользователь admin успешно авторизовался
2024-08-11 12:12:49 Пользователь admin деавторизовался
2024-08-11 12:12:51 Пользователь admin успешно авторизовался
2024-08-11 12:17:10 Пользователь admin деавторизовался
2024-08-11 12:17:11 Пользователь admin успешно авторизовался
2024-08-11 12:17:27 Пользователь admin деавторизовался
2024-08-11 12:17:32 Пользователь admin успешно авторизовался
2024-08-11 12:21:12 Пользователь admin деавторизовался
2024-08-11 12:22:13 Успешное подключение к БД
2024-08-11 12:22:52 Успешное подключение к БД
2024-08-11 12:24:16 Успешное подключение к БД
2024-08-11 12:24:21 Успешное подключение к БД
2024-08-11 12:24:24 Успешное подключение к БД
2024-08-11 12:25:09 Успешное подключение к БД
2024-08-11 12:26:17 Успешное подключение к БД
2024-08-11 12:26:28 Успешное подключение к БД
2024-08-11 12:26:31 Успешное подключение к БД
2024-08-11 12:26:56 Успешное подключение к БД
2024-08-11 12:27:00 Пользователь admin успешно авторизовался
2024-08-11 12:27:04 Успешное подключение к БД
2024-08-11 12:27:19 Успешное подключение к БД
2024-08-11 12:27:38 Успешное подключение к БД
2024-08-11 12:27:43 Успешное подключение к БД
2024-08-11 12:27:46 Успешное подключение к БД
2024-08-11 12:27:56 Успешное подключение к БД
2024-08-11 12:28:16 Успешное подключение к БД
2024-08-11 12:28:22 Пользователь admin деавторизовался
2024-08-11 12:28:25 Успешное подключение к БД
2024-08-11 12:28:29 Успешное подключение к БД
2024-08-11 12:28:30 Успешное подключение к БД
2024-08-11 12:31:40 Пользователь admin успешно авторизовался
2024-08-11 13:36:56 Ошибка соединения приложения с БД. Подробное описание ошибки: SQLSTATE[HY093]: Invalid parameter number: number of bound variables does not match number of tokens
2024-08-11 13:39:22 Ошибка соединения приложения с БД. Подробное описание ошибки: SQLSTATE[HY093]: Invalid parameter number: number of bound variables does not match number of tokens
2024-08-11 13:41:02 Ошибка соединения приложения с БД. Подробное описание ошибки: SQLSTATE[HY093]: Invalid parameter number: number of bound variables does not match number of tokens
2024-08-11 13:41:47 Ошибка соединения приложения с БД. Подробное описание ошибки: SQLSTATE[HY093]: Invalid parameter number: number of bound variables does not match number of tokens
2024-08-11 13:47:10 Пользователь admin добавил анкету кандидата "Дмитрий Алексеевич Кошкаров"
2024-08-11 13:50:51 Пользователь admin добавил анкету кандидата "Федор Михайлович Кекликс"
2024-08-14 15:18:07 Успешное подключение к БД
2024-08-14 15:18:10 Пользователь admin успешно авторизовался
2024-08-14 16:12:54 Пользователь admin удалил анкету с ИД ""
2024-08-14 16:13:36 Пользователь admin удалил анкету с ИД ""
2024-08-14 16:14:13 Пользователь admin удалил анкету с ИД "2"
2024-08-14 16:47:01 Пользователь admin добавил анкету кандидата "Иван Иванович Иванов"
2024-08-14 16:47:42 Пользователь admin добавил анкету кандидата "Федор Михайлович Кекликс"
2024-08-14 16:49:48 Пользователь admin добавил анкету кандидата "Носова Анастасия Игоревна"
2024-08-14 16:57:18 Пользователь admin добавил анкету кандидата "Головач Елена Михайловна"
2024-08-14 17:56:00 Пользователь admin добавил анкету кандидата ""
2024-08-14 17:56:07 Пользователь admin удалил анкету с ИД "14"
2024-08-14 18:24:54 Пользователь admin добавил анкету кандидата "Алексей Алексеевич Кошкаров"
2024-08-14 18:25:32 Пользователь admin удалил анкету с ИД "15"
2024-08-15 08:21:33 Пользователь admin успешно авторизовался
2024-08-15 08:21:37 Пользователь admin деавторизовался
2024-08-15 08:22:32 Пользователь admin успешно авторизовался
2024-08-15 08:24:57 Пользователь admin добавил ОУ с названием "Тест"
2024-08-15 08:25:00 Пользователь admin удалил ОУ с ИД "7"
2024-08-15 08:27:56 Пользователь admin удалил ОУ с ИД ""
2024-08-15 08:28:24 Пользователь admin добавил ОУ с названием "ndg"
2024-08-15 08:28:27 Пользователь admin удалил ОУ с ИД "8"
2024-08-15 08:28:35 Пользователь admin удалил ОУ с ИД ""
2024-08-15 08:32:26 Пользователь admin удалил город с ИД "7"
2024-08-15 10:45:21 Пользователь admin деавторизовался
2024-08-15 10:58:58 Успешное подключение к БД
2024-08-15 11:05:18 Пользователь admin успешно авторизовался
2024-08-15 11:06:21 Пользователь admin удалил анкету с ИД "13"
2024-08-15 11:06:36 Пользователь admin удалил анкету с ИД "9"
2024-08-15 11:07:26 Пользователь admin добавил ОУ с названием "Тест"
2024-08-15 11:07:31 Пользователь admin удалил ОУ с ИД "9"
2024-08-15 11:07:35 Пользователь admin добавил город "тест"
2024-08-15 11:07:39 Пользователь admin удалил город с ИД "8"
2024-08-15 11:08:24 Пользователь admin добавил город "тест 123"
2024-08-15 11:10:20 Пользователь admin добавил анкету кандидата "Dmitrij Koshkarov"
2024-08-15 11:10:44 Пользователь admin добавил ОУ с названием "Тест"
2024-08-15 11:11:07 Пользователь admin добавил анкету кандидата "Анастасия Игоревна Носова"
2024-08-15 11:11:21 Пользователь admin удалил статус с ИД "10"
2024-08-15 11:11:21 Ошибка соединения приложения с БД. Подробное описание ошибки: SQLSTATE[23000]: Integrity constraint violation: 1451 Cannot delete or update a parent row: a foreign key constraint fails (`maxim_technology`.`candidate_profiles`, CONSTRAINT `candidate_profiles_ibfk_1` FOREIGN KEY (`candidate_status`) REFERENCES `candidate_statuses` (`id`) ON UPDATE CASCADE)
2024-08-15 11:11:52 Пользователь admin удалил статус с ИД "10"
2024-08-15 11:11:52 Ошибка соединения приложения с БД. Подробное описание ошибки: SQLSTATE[23000]: Integrity constraint violation: 1451 Cannot delete or update a parent row: a foreign key constraint fails (`maxim_technology`.`candidate_profiles`, CONSTRAINT `candidate_profiles_ibfk_1` FOREIGN KEY (`candidate_status`) REFERENCES `candidate_statuses` (`id`) ON UPDATE CASCADE)
2024-08-17 10:30:05 Пользователь admin успешно авторизовался
2024-08-17 10:30:14 Пользователь admin удалил анкету с ИД "16"
2024-08-17 13:43:59 Пользователь admin удалил анкету с ИД "17"
2024-08-17 13:44:09 Пользователь admin удалил статус с ИД "10"
2024-08-17 14:34:31 Пользователь admin удалил ОУ с ИД "10"
2024-08-17 14:36:47 Пользователь admin добавил анкету кандидата "Анастасия Игоревна Носова"
2024-08-17 15:24:10 Пользователь admin удалил анкету с ИД "12"
2024-08-20 09:29:47 Успешное подключение к БД
2024-08-20 09:29:50 Пользователь admin успешно авторизовался
2024-08-20 10:23:43 Пользователь admin выполнил поиск по запросу: "Петров"
2024-08-20 10:25:44 Пользователь admin выполнил поиск по запросу: "Петров"
2024-08-20 10:25:59 Пользователь admin выполнил поиск по запросу: "Мих"
2024-08-20 10:26:09 Пользователь admin выполнил поиск по запросу: "Black"
2024-08-20 10:26:54 Пользователь admin выполнил поиск по запросу: ""
2024-08-20 10:26:59 Пользователь admin выполнил поиск по запросу: "Петров"
2024-08-20 10:31:09 Пользователь admin выполнил поиск по запросу: "Мих"
2024-08-20 10:34:19 Пользователь admin выполнил поиск по запросу: "Петров"
2024-08-20 10:34:23 Пользователь admin выполнил поиск по запросу: "Мих"
2024-08-20 10:34:41 Пользователь admin выполнил поиск по запросу: "Мих"
2024-08-20 10:35:16 Пользователь admin выполнил поиск по запросу: "ана"
2024-08-20 10:35:39 Пользователь admin выполнил поиск по запросу: "Мих"
2024-08-20 10:36:00 Пользователь admin выполнил поиск по запросу: ""
2024-08-20 10:38:34 Пользователь admin выполнил поиск по запросу: ""
2024-08-20 10:38:58 Пользователь admin выполнил поиск по запросу: "Петров"
2024-08-20 10:39:25 Пользователь admin выполнил поиск по запросу: "Мих"
2024-08-20 10:39:43 Пользователь admin выполнил поиск по запросу: ""
2024-08-20 10:40:15 Пользователь admin выполнил поиск по запросу: "Black"
2024-08-20 10:41:31 Пользователь admin выполнил поиск по запросу: "Мих"
2024-08-20 10:41:38 Пользователь admin выполнил поиск по запросу: "Black"
2024-08-20 10:43:54 Пользователь admin выполнил поиск по запросу: "Мих"
2024-08-20 10:43:59 Пользователь admin выполнил поиск по запросу: "Black"
2024-08-20 10:45:28 Пользователь admin выполнил поиск по запросу: "Мих"
2024-08-20 10:47:33 Пользователь admin выполнил поиск по запросу: "Black"
2024-08-20 10:47:35 Пользователь admin выполнил поиск по запросу: "Мих"
2024-08-20 10:47:45 Пользователь admin выполнил поиск по запросу: "Мих"
2024-08-20 10:48:55 Пользователь admin выполнил поиск по запросу: "мих"
2024-08-20 11:11:58 Пользователь admin выполнил поиск по запросу: "мама"
2024-08-20 11:12:30 Пользователь admin выполнил поиск по запросу: "ж"
2024-08-20 11:12:40 Пользователь admin выполнил поиск по запросу: "а"
2024-08-20 11:12:49 Пользователь admin выполнил поиск по запросу: "Скам"
2024-08-20 11:13:27 Пользователь admin выполнил поиск по запросу: "мм"
2024-08-20 11:13:29 Пользователь admin выполнил поиск по запросу: "При"
2024-08-20 11:13:32 Пользователь admin выполнил поиск по запросу: "Мих"
2024-08-20 11:14:43 Пользователь admin выполнил поиск по запросу: "ff"
2024-08-20 11:15:38 Пользователь admin выполнил поиск по запросу: "вп"
2024-08-20 11:15:44 Пользователь admin выполнил поиск по запросу: "dgd"
2024-08-20 11:17:29 Пользователь admin выполнил поиск по запросу: "cdc"
2024-08-20 11:19:30 Пользователь admin выполнил поиск по запросу: "ававы"
2024-08-20 11:19:41 Пользователь admin выполнил поиск по запросу: "авав"
2024-08-20 11:21:23 Пользователь admin выполнил поиск по запросу: "имаи"
2024-08-20 11:21:26 Пользователь admin выполнил поиск по запросу: "има"
2024-08-20 11:21:29 Пользователь admin выполнил поиск по запросу: "Св"
2024-08-20 11:21:35 Пользователь admin выполнил поиск по запросу: "Мих"
2024-08-20 11:21:43 Пользователь admin выполнил поиск по запросу: "Ив"
2024-08-20 11:22:45 Пользователь admin выполнил поиск по запросу: "вм"
2024-08-20 11:23:32 Пользователь admin выполнил поиск по запросу: "dfdg"
2024-08-20 11:24:17 Пользователь admin выполнил поиск по запросу: "dgsdgd"
2024-08-20 11:24:27 Пользователь admin выполнил поиск по запросу: "dgdsgsd"
2024-08-20 11:24:36 Пользователь admin выполнил поиск по запросу: "Ива"
2024-08-20 11:30:17 Пользователь admin выполнил поиск по запросу: "впвып"
2024-08-20 13:10:20 Пользователь admin выполнил поиск по запросу: "Ива"
2024-08-20 13:10:39 Пользователь admin выполнил поиск по запросу: "Ива"
2024-08-20 13:45:42 Пользователь admin выполнил поиск по запросу: "dgdgd"
2024-08-20 13:45:44 Пользователь admin выполнил поиск по запросу: "ива"
2024-08-20 14:18:09 Ошибка соединения приложения с БД. Подробное описание ошибки: SQLSTATE[HY093]: Invalid parameter number: number of bound variables does not match number of tokens
2024-08-20 14:19:20 Ошибка соединения приложения с БД. Подробное описание ошибки: SQLSTATE[HY093]: Invalid parameter number: number of bound variables does not match number of tokens
2024-08-20 14:21:03 Пользователь admin добавил письмо для пользвателя с ИД "1"
2024-08-20 16:13:46 Пользователь admin выполнил поиск по запросу: "мих"
2024-08-20 16:19:01 Пользователь admin удалил анкету с ИД "5"
2024-08-20 16:25:16 Пользователь admin удалил анкету с ИД "2"
2024-08-20 16:43:32 Пользователь admin выполнил поиск по запросу: "Свет"
2024-08-20 16:43:34 Пользователь admin выполнил поиск по запросу: "Иван"
2024-08-20 16:55:36 Пользователь admin выполнил поиск по запросу: "мих"
2024-08-20 17:44:54 Пользователь admin удалил анкету с ИД "4"
2024-08-20 17:54:27 Пользователь admin удалил анкету с ИД "3"
2024-08-20 18:16:13 Ошибка соединения приложения с БД. Подробное описание ошибки: SQLSTATE[HY093]: Invalid parameter number: parameter was not defined
2024-08-20 18:18:07 Пользователь admin добавил анкету кандидата "Гаврилова Мария Кирилловна"
2024-08-20 18:19:55 Пользователь admin добавил письмо для пользвателя с ИД "20"
2024-08-20 18:21:53 Пользователь admin выполнил поиск по запросу: "Гав"
2024-08-20 18:29:04 Пользователь admin добавил анкету кандидата "Иванов Иван Иванович"
2024-08-20 18:29:13 Пользователь admin добавил письмо для пользвателя с ИД "21"
2024-08-20 18:29:37 Пользователь admin удалил анкету с ИД "21"
2024-08-20 19:01:46 Пользователь admin выполнил поиск по запросу: "Привет"
2024-08-20 19:01:55 Пользователь admin выполнил поиск по запросу: "ива"
2024-08-20 19:03:28 Пользователь admin выполнил поиск по запросу: "гав"
2024-08-20 19:03:34 Пользователь admin выполнил поиск по запросу: "иван"
2024-08-21 11:48:30 Пользователь admin успешно авторизовался
2024-08-21 11:49:06 Пользователь admin выполнил поиск по запросу: "Мих"
2024-08-21 12:13:11 Ошибка соединения приложения с БД. Подробное описание ошибки: SQLSTATE[HY093]: Invalid parameter number: parameter was not defined
2024-08-21 12:14:54 Ошибка соединения приложения с БД. Подробное описание ошибки: SQLSTATE[HY093]: Invalid parameter number: parameter was not defined
2024-08-21 12:15:24 Пользователь admin добавил даты практики для пользвателя с ИД "20"
2024-08-21 12:16:07 Пользователь admin добавил письмо для пользвателя с ИД "20"
2024-08-21 12:16:18 Пользователь admin добавил письмо для пользвателя с ИД "20"
2024-08-21 12:41:22 Пользователь admin добавил даты практики для пользвателя с ИД "20"
2024-08-21 12:41:36 Пользователь admin добавил даты получения и отказа по анкете для пользвателя с ИД "20"
2024-08-21 12:42:38 Пользователь admin добавил даты получения и отказа по анкете для пользвателя с ИД "20"
2024-08-21 12:43:15 Пользователь admin добавил даты получения и отказа по анкете для пользвателя с ИД "20"
2024-08-21 12:43:37 Пользователь admin добавил даты получения и отказа по анкете для пользвателя с ИД "20"
2024-08-21 12:44:31 Пользователь admin добавил даты получения и отказа по анкете для пользвателя с ИД "20"
2024-08-21 12:45:18 Пользователь admin добавил даты получения и отказа по анкете для пользвателя с ИД "20"
2024-08-21 12:46:09 Пользователь admin добавил даты получения и отказа по анкете для пользвателя с ИД "20"
2024-08-21 12:46:45 Пользователь admin добавил даты получения и отказа по анкете для пользвателя с ИД "20"
2024-08-21 12:46:57 Пользователь admin добавил даты получения и отказа по анкете для пользвателя с ИД "20"
2024-08-21 12:47:43 Пользователь admin добавил даты получения и отказа по анкете для пользвателя с ИД "20"
2024-08-21 12:47:46 Пользователь admin добавил даты получения и отказа по анкете для пользвателя с ИД "20"
2024-08-21 12:49:14 Пользователь admin добавил даты получения и отказа по анкете для пользвателя с ИД "20"
2024-08-21 12:49:18 Пользователь admin добавил даты получения и отказа по анкете для пользвателя с ИД "20"
2024-08-21 12:49:39 Пользователь admin добавил даты получения и отказа по анкете для пользвателя с ИД "20"
